# JRE version: OpenJDK Runtime Environment (8.0_242-b01) (build 1.8.0_242-release-1644-b01)
# Java VM: OpenJDK 64-Bit Server VM (25.242-b01 mixed mode windows-amd64 compressed oops)
Heap:
 PSYoungGen      total 309760K, used 243626K [0x00000000d5580000, 0x00000000ef000000, 0x0000000100000000)
  eden space 280576K, 76% used [0x00000000d5580000,0x00000000e26ef7c8,0x00000000e6780000)
  from space 29184K, 99% used [0x00000000e6780000,0x00000000e83fb3a0,0x00000000e8400000)
  to   space 39424K, 0% used [0x00000000ec980000,0x00000000ec980000,0x00000000ef000000)
 ParOldGen       total 133120K, used 54863K [0x0000000080000000, 0x0000000088200000, 0x00000000d5580000)
  object space 133120K, 41% used [0x0000000080000000,0x0000000083593c20,0x0000000088200000)
 Metaspace       used 86740K, capacity 90792K, committed 90928K, reserved 1128448K
  class space    used 11215K, capacity 12079K, committed 12080K, reserved 1048576K
GC Heap History (10 events):
Event: 29.812 GC heap before
{Heap before GC invocations=12 (full 2):
 PSYoungGen      total 235520K, used 171428K [0x00000000d5580000, 0x00000000e6d80000, 0x0000000100000000)
  eden space 218112K, 73% used [0x00000000d5580000,0x00000000df2ed608,0x00000000e2a80000)
  from space 17408K, 58% used [0x00000000e2a80000,0x00000000e347bdc8,0x00000000e3b80000)
  to   space 16896K, 0% used [0x00000000e5d00000,0x00000000e5d00000,0x00000000e6d80000)
 ParOldGen       total 84480K, used 18964K [0x0000000080000000, 0x0000000085280000, 0x00000000d5580000)
  object space 84480K, 22% used [0x0000000080000000,0x0000000081285190,0x0000000085280000)
 Metaspace       used 57114K, capacity 59006K, committed 59160K, reserved 1101824K
  class space    used 7405K, capacity 7822K, committed 7856K, reserved 1048576K
Event: 29.852 GC heap after
Heap after GC invocations=12 (full 2):
 PSYoungGen      total 264704K, used 16893K [0x00000000d5580000, 0x00000000e7600000, 0x0000000100000000)
  eden space 247808K, 0% used [0x00000000d5580000,0x00000000d5580000,0x00000000e4780000)
  from space 16896K, 99% used [0x00000000e5d00000,0x00000000e6d7f708,0x00000000e6d80000)
  to   space 22016K, 0% used [0x00000000e4780000,0x00000000e4780000,0x00000000e5d00000)
 ParOldGen       total 84480K, used 26747K [0x0000000080000000, 0x0000000085280000, 0x00000000d5580000)
  object space 84480K, 31% used [0x0000000080000000,0x0000000081a1eff8,0x0000000085280000)
 Metaspace       used 57114K, capacity 59006K, committed 59160K, reserved 1101824K
  class space    used 7405K, capacity 7822K, committed 7856K, reserved 1048576K
}
Event: 29.852 GC heap before
{Heap before GC invocations=13 (full 3):
 PSYoungGen      total 264704K, used 16893K [0x00000000d5580000, 0x00000000e7600000, 0x0000000100000000)
  eden space 247808K, 0% used [0x00000000d5580000,0x00000000d5580000,0x00000000e4780000)
  from space 16896K, 99% used [0x00000000e5d00000,0x00000000e6d7f708,0x00000000e6d80000)
  to   space 22016K, 0% used [0x00000000e4780000,0x00000000e4780000,0x00000000e5d00000)
 ParOldGen       total 84480K, used 26747K [0x0000000080000000, 0x0000000085280000, 0x00000000d5580000)
  object space 84480K, 31% used [0x0000000080000000,0x0000000081a1eff8,0x0000000085280000)
 Metaspace       used 57114K, capacity 59006K, committed 59160K, reserved 1101824K
  class space    used 7405K, capacity 7822K, committed 7856K, reserved 1048576K
Event: 30.196 GC heap after
Heap after GC invocations=13 (full 3):
 PSYoungGen      total 264704K, used 0K [0x00000000d5580000, 0x00000000e7600000, 0x0000000100000000)
  eden space 247808K, 0% used [0x00000000d5580000,0x00000000d5580000,0x00000000e4780000)
  from space 16896K, 0% used [0x00000000e5d00000,0x00000000e5d00000,0x00000000e6d80000)
  to   space 22016K, 0% used [0x00000000e4780000,0x00000000e4780000,0x00000000e5d00000)
 ParOldGen       total 133120K, used 37075K [0x0000000080000000, 0x0000000088200000, 0x00000000d5580000)
  object space 133120K, 27% used [0x0000000080000000,0x0000000082434f70,0x0000000088200000)
 Metaspace       used 56984K, capacity 58688K, committed 59160K, reserved 1101824K
  class space    used 7369K, capacity 7775K, committed 7856K, reserved 1048576K
}
Event: 45.029 GC heap before
{Heap before GC invocations=14 (full 3):
 PSYoungGen      total 264704K, used 247808K [0x00000000d5580000, 0x00000000e7600000, 0x0000000100000000)
  eden space 247808K, 100% used [0x00000000d5580000,0x00000000e4780000,0x00000000e4780000)
  from space 16896K, 0% used [0x00000000e5d00000,0x00000000e5d00000,0x00000000e6d80000)
  to   space 22016K, 0% used [0x00000000e4780000,0x00000000e4780000,0x00000000e5d00000)
 ParOldGen       total 133120K, used 37075K [0x0000000080000000, 0x0000000088200000, 0x00000000d5580000)
  object space 133120K, 27% used [0x0000000080000000,0x0000000082434f70,0x0000000088200000)
 Metaspace       used 69535K, capacity 71958K, committed 72240K, reserved 1112064K
  class space    used 9234K, capacity 9732K, committed 9776K, reserved 1048576K
Event: 45.073 GC heap after
Heap after GC invocations=14 (full 3):
 PSYoungGen      total 269824K, used 19663K [0x00000000d5580000, 0x00000000e9c00000, 0x0000000100000000)
  eden space 247808K, 0% used [0x00000000d5580000,0x00000000d5580000,0x00000000e4780000)
  from space 22016K, 89% used [0x00000000e4780000,0x00000000e5ab3f50,0x00000000e5d00000)
  to   space 24576K, 0% used [0x00000000e8400000,0x00000000e8400000,0x00000000e9c00000)
 ParOldGen       total 133120K, used 37083K [0x0000000080000000, 0x0000000088200000, 0x00000000d5580000)
  object space 133120K, 27% used [0x0000000080000000,0x0000000082436f70,0x0000000088200000)
 Metaspace       used 69535K, capacity 71958K, committed 72240K, reserved 1112064K
  class space    used 9234K, capacity 9732K, committed 9776K, reserved 1048576K
}
Event: 51.116 GC heap before
{Heap before GC invocations=15 (full 3):
 PSYoungGen      total 269824K, used 267471K [0x00000000d5580000, 0x00000000e9c00000, 0x0000000100000000)
  eden space 247808K, 100% used [0x00000000d5580000,0x00000000e4780000,0x00000000e4780000)
  from space 22016K, 89% used [0x00000000e4780000,0x00000000e5ab3f50,0x00000000e5d00000)
  to   space 24576K, 0% used [0x00000000e8400000,0x00000000e8400000,0x00000000e9c00000)
 ParOldGen       total 133120K, used 37083K [0x0000000080000000, 0x0000000088200000, 0x00000000d5580000)
  object space 133120K, 27% used [0x0000000080000000,0x0000000082436f70,0x0000000088200000)
 Metaspace       used 78043K, capacity 81300K, committed 81456K, reserved 1120256K
  class space    used 10369K, capacity 10995K, committed 11056K, reserved 1048576K
Event: 51.180 GC heap after
Heap after GC invocations=15 (full 3):
 PSYoungGen      total 305152K, used 24553K [0x00000000d5580000, 0x00000000ea700000, 0x0000000100000000)
  eden space 280576K, 0% used [0x00000000d5580000,0x00000000d5580000,0x00000000e6780000)
  from space 24576K, 99% used [0x00000000e8400000,0x00000000e9bfa7f0,0x00000000e9c00000)
  to   space 29184K, 0% used [0x00000000e6780000,0x00000000e6780000,0x00000000e8400000)
 ParOldGen       total 133120K, used 39630K [0x0000000080000000, 0x0000000088200000, 0x00000000d5580000)
  object space 133120K, 29% used [0x0000000080000000,0x00000000826b3bf0,0x0000000088200000)
 Metaspace       used 78043K, capacity 81300K, committed 81456K, reserved 1120256K
  class space    used 10369K, capacity 10995K, committed 11056K, reserved 1048576K
}
Event: 54.780 GC heap before
{Heap before GC invocations=16 (full 3):
 PSYoungGen      total 305152K, used 305129K [0x00000000d5580000, 0x00000000ea700000, 0x0000000100000000)
  eden space 280576K, 100% used [0x00000000d5580000,0x00000000e6780000,0x00000000e6780000)
  from space 24576K, 99% used [0x00000000e8400000,0x00000000e9bfa7f0,0x00000000e9c00000)
  to   space 29184K, 0% used [0x00000000e6780000,0x00000000e6780000,0x00000000e8400000)
 ParOldGen       total 133120K, used 39630K [0x0000000080000000, 0x0000000088200000, 0x00000000d5580000)
  object space 133120K, 29% used [0x0000000080000000,0x00000000826b3bf0,0x0000000088200000)
 Metaspace       used 79807K, capacity 83296K, committed 83504K, reserved 1122304K
  class space    used 10557K, capacity 11270K, committed 11312K, reserved 1048576K
Event: 54.889 GC heap after
Heap after GC invocations=16 (full 3):
 PSYoungGen      total 309760K, used 29164K [0x00000000d5580000, 0x00000000ef000000, 0x0000000100000000)
  eden space 280576K, 0% used [0x00000000d5580000,0x00000000d5580000,0x00000000e6780000)
  from space 29184K, 99% used [0x00000000e6780000,0x00000000e83fb3a0,0x00000000e8400000)
  to   space 39424K, 0% used [0x00000000ec980000,0x00000000ec980000,0x00000000ef000000)
 ParOldGen       total 133120K, used 54863K [0x0000000080000000, 0x0000000088200000, 0x00000000d5580000)
  object space 133120K, 41% used [0x0000000080000000,0x0000000083593c20,0x0000000088200000)
 Metaspace       used 79807K, capacity 83296K, committed 83504K, reserved 1122304K
  class space    used 10557K, capacity 11270K, committed 11312K, reserved 1048576K
}

