# JRE version: OpenJDK Runtime Environment (8.0_242-b01) (build 1.8.0_242-release-1644-b01)
# Java VM: OpenJDK 64-Bit Server VM (25.242-b01 mixed mode windows-amd64 compressed oops)
Heap:
 PSYoungGen      total 107008K, used 21437K [0x00000000d5580000, 0x00000000e2580000, 0x0000000100000000)
  eden space 95744K, 22% used [0x00000000d5580000,0x00000000d6a6f628,0x00000000db300000)
  from space 11264K, 0% used [0x00000000db300000,0x00000000db300000,0x00000000dbe00000)
  to   space 10752K, 0% used [0x00000000e1b00000,0x00000000e1b00000,0x00000000e2580000)
 ParOldGen       total 36352K, used 6889K [0x0000000080000000, 0x0000000082380000, 0x00000000d5580000)
  object space 36352K, 18% used [0x0000000080000000,0x00000000806ba718,0x0000000082380000)
 Metaspace       used 21695K, capacity 22348K, committed 22448K, reserved 1069056K
  class space    used 3056K, capacity 3244K, committed 3248K, reserved 1048576K
GC Heap History (10 events):
Event: 3.500 GC heap before
{Heap before GC invocations=4 (full 0):
 PSYoungGen      total 28672K, used 28273K [0x00000000d5580000, 0x00000000d8d80000, 0x0000000100000000)
  eden space 24576K, 100% used [0x00000000d5580000,0x00000000d6d80000,0x00000000d6d80000)
  from space 4096K, 90% used [0x00000000d6d80000,0x00000000d711c588,0x00000000d7180000)
  to   space 4096K, 0% used [0x00000000d8980000,0x00000000d8980000,0x00000000d8d80000)
 ParOldGen       total 65536K, used 24K [0x0000000080000000, 0x0000000084000000, 0x00000000d5580000)
  object space 65536K, 0% used [0x0000000080000000,0x0000000080006000,0x0000000084000000)
 Metaspace       used 12157K, capacity 12484K, committed 12800K, reserved 1060864K
  class space    used 1616K, capacity 1730K, committed 1792K, reserved 1048576K
Event: 3.514 GC heap after
Heap after GC invocations=4 (full 0):
 PSYoungGen      total 53248K, used 4064K [0x00000000d5580000, 0x00000000d8d80000, 0x0000000100000000)
  eden space 49152K, 0% used [0x00000000d5580000,0x00000000d5580000,0x00000000d8580000)
  from space 4096K, 99% used [0x00000000d8980000,0x00000000d8d78020,0x00000000d8d80000)
  to   space 4096K, 0% used [0x00000000d8580000,0x00000000d8580000,0x00000000d8980000)
 ParOldGen       total 65536K, used 1923K [0x0000000080000000, 0x0000000084000000, 0x00000000d5580000)
  object space 65536K, 2% used [0x0000000080000000,0x00000000801e0f08,0x0000000084000000)
 Metaspace       used 12157K, capacity 12484K, committed 12800K, reserved 1060864K
  class space    used 1616K, capacity 1730K, committed 1792K, reserved 1048576K
}
Event: 4.729 GC heap before
{Heap before GC invocations=5 (full 0):
 PSYoungGen      total 53248K, used 53216K [0x00000000d5580000, 0x00000000d8d80000, 0x0000000100000000)
  eden space 49152K, 100% used [0x00000000d5580000,0x00000000d8580000,0x00000000d8580000)
  from space 4096K, 99% used [0x00000000d8980000,0x00000000d8d78020,0x00000000d8d80000)
  to   space 4096K, 0% used [0x00000000d8580000,0x00000000d8580000,0x00000000d8980000)
 ParOldGen       total 65536K, used 1923K [0x0000000080000000, 0x0000000084000000, 0x00000000d5580000)
  object space 65536K, 2% used [0x0000000080000000,0x00000000801e0f08,0x0000000084000000)
 Metaspace       used 15957K, capacity 16402K, committed 16768K, reserved 1062912K
  class space    used 2166K, capacity 2349K, committed 2432K, reserved 1048576K
Event: 4.752 GC heap after
Heap after GC invocations=5 (full 0):
 PSYoungGen      total 53248K, used 4080K [0x00000000d5580000, 0x00000000dc680000, 0x0000000100000000)
  eden space 49152K, 0% used [0x00000000d5580000,0x00000000d5580000,0x00000000d8580000)
  from space 4096K, 99% used [0x00000000d8580000,0x00000000d897c010,0x00000000d8980000)
  to   space 8704K, 0% used [0x00000000dbe00000,0x00000000dbe00000,0x00000000dc680000)
 ParOldGen       total 65536K, used 6397K [0x0000000080000000, 0x0000000084000000, 0x00000000d5580000)
  object space 65536K, 9% used [0x0000000080000000,0x000000008063f640,0x0000000084000000)
 Metaspace       used 15957K, capacity 16402K, committed 16768K, reserved 1062912K
  class space    used 2166K, capacity 2349K, committed 2432K, reserved 1048576K
}
Event: 8.605 GC heap before
{Heap before GC invocations=6 (full 0):
 PSYoungGen      total 53248K, used 53232K [0x00000000d5580000, 0x00000000dc680000, 0x0000000100000000)
  eden space 49152K, 100% used [0x00000000d5580000,0x00000000d8580000,0x00000000d8580000)
  from space 4096K, 99% used [0x00000000d8580000,0x00000000d897c010,0x00000000d8980000)
  to   space 8704K, 0% used [0x00000000dbe00000,0x00000000dbe00000,0x00000000dc680000)
 ParOldGen       total 65536K, used 6397K [0x0000000080000000, 0x0000000084000000, 0x00000000d5580000)
  object space 65536K, 9% used [0x0000000080000000,0x000000008063f640,0x0000000084000000)
 Metaspace       used 20576K, capacity 21228K, committed 21296K, reserved 1067008K
  class space    used 2871K, capacity 3084K, committed 3120K, reserved 1048576K
Event: 8.622 GC heap after
Heap after GC invocations=6 (full 0):
 PSYoungGen      total 104448K, used 8688K [0x00000000d5580000, 0x00000000dcb80000, 0x0000000100000000)
  eden space 95744K, 0% used [0x00000000d5580000,0x00000000d5580000,0x00000000db300000)
  from space 8704K, 99% used [0x00000000dbe00000,0x00000000dc67c330,0x00000000dc680000)
  to   space 11264K, 0% used [0x00000000db300000,0x00000000db300000,0x00000000dbe00000)
 ParOldGen       total 65536K, used 7541K [0x0000000080000000, 0x0000000084000000, 0x00000000d5580000)
  object space 65536K, 11% used [0x0000000080000000,0x000000008075d758,0x0000000084000000)
 Metaspace       used 20576K, capacity 21228K, committed 21296K, reserved 1067008K
  class space    used 2871K, capacity 3084K, committed 3120K, reserved 1048576K
}
Event: 8.626 GC heap before
{Heap before GC invocations=7 (full 0):
 PSYoungGen      total 104448K, used 10179K [0x00000000d5580000, 0x00000000dcb80000, 0x0000000100000000)
  eden space 95744K, 1% used [0x00000000d5580000,0x00000000d56f4c30,0x00000000db300000)
  from space 8704K, 99% used [0x00000000dbe00000,0x00000000dc67c330,0x00000000dc680000)
  to   space 11264K, 0% used [0x00000000db300000,0x00000000db300000,0x00000000dbe00000)
 ParOldGen       total 65536K, used 7541K [0x0000000080000000, 0x0000000084000000, 0x00000000d5580000)
  object space 65536K, 11% used [0x0000000080000000,0x000000008075d758,0x0000000084000000)
 Metaspace       used 20576K, capacity 21228K, committed 21296K, reserved 1067008K
  class space    used 2871K, capacity 3084K, committed 3120K, reserved 1048576K
Event: 8.639 GC heap after
Heap after GC invocations=7 (full 0):
 PSYoungGen      total 107008K, used 4356K [0x00000000d5580000, 0x00000000e2580000, 0x0000000100000000)
  eden space 95744K, 0% used [0x00000000d5580000,0x00000000d5580000,0x00000000db300000)
  from space 11264K, 38% used [0x00000000db300000,0x00000000db741050,0x00000000dbe00000)
  to   space 10752K, 0% used [0x00000000e1b00000,0x00000000e1b00000,0x00000000e2580000)
 ParOldGen       total 65536K, used 9069K [0x0000000080000000, 0x0000000084000000, 0x00000000d5580000)
  object space 65536K, 13% used [0x0000000080000000,0x00000000808db7a8,0x0000000084000000)
 Metaspace       used 20576K, capacity 21228K, committed 21296K, reserved 1067008K
  class space    used 2871K, capacity 3084K, committed 3120K, reserved 1048576K
}
Event: 8.639 GC heap before
{Heap before GC invocations=8 (full 1):
 PSYoungGen      total 107008K, used 4356K [0x00000000d5580000, 0x00000000e2580000, 0x0000000100000000)
  eden space 95744K, 0% used [0x00000000d5580000,0x00000000d5580000,0x00000000db300000)
  from space 11264K, 38% used [0x00000000db300000,0x00000000db741050,0x00000000dbe00000)
  to   space 10752K, 0% used [0x00000000e1b00000,0x00000000e1b00000,0x00000000e2580000)
 ParOldGen       total 65536K, used 9069K [0x0000000080000000, 0x0000000084000000, 0x00000000d5580000)
  object space 65536K, 13% used [0x0000000080000000,0x00000000808db7a8,0x0000000084000000)
 Metaspace       used 20576K, capacity 21228K, committed 21296K, reserved 1067008K
  class space    used 2871K, capacity 3084K, committed 3120K, reserved 1048576K
Event: 8.704 GC heap after
Heap after GC invocations=8 (full 1):
 PSYoungGen      total 107008K, used 0K [0x00000000d5580000, 0x00000000e2580000, 0x0000000100000000)
  eden space 95744K, 0% used [0x00000000d5580000,0x00000000d5580000,0x00000000db300000)
  from space 11264K, 0% used [0x00000000db300000,0x00000000db300000,0x00000000dbe00000)
  to   space 10752K, 0% used [0x00000000e1b00000,0x00000000e1b00000,0x00000000e2580000)
 ParOldGen       total 36352K, used 6889K [0x0000000080000000, 0x0000000082380000, 0x00000000d5580000)
  object space 36352K, 18% used [0x0000000080000000,0x00000000806ba718,0x0000000082380000)
 Metaspace       used 20576K, capacity 21228K, committed 21296K, reserved 1067008K
  class space    used 2871K, capacity 3084K, committed 3120K, reserved 1048576K
}

